13:24:26.028 [main] INFO  testCases.TC001_AccountRegistrationTest - *****Starting TC01_AccountRegistrationTest*****
13:24:26.445 [main] INFO  testCases.TC001_AccountRegistrationTest - *****Clicked on MyAccount Link*****
13:24:28.015 [main] INFO  testCases.TC001_AccountRegistrationTest - *****Clicked on Register Link*****
13:24:28.030 [main] INFO  testCases.TC001_AccountRegistrationTest - *****Providing Customer Details*****
13:24:32.316 [main] INFO  testCases.TC001_AccountRegistrationTest - *****Validating expected message*****
13:24:33.828 [main] DEBUG testCases.TC001_AccountRegistrationTest - Debug logs..
13:24:33.862 [main] INFO  testCases.TC001_AccountRegistrationTest - *****Finished TC01_AccountRegistrationTest*****
13:25:32.771 [main] INFO  testCases.TC001_AccountRegistrationTest - *****Starting TC01_AccountRegistrationTest*****
13:25:33.161 [main] INFO  testCases.TC001_AccountRegistrationTest - *****Clicked on MyAccount Link*****
13:25:34.959 [main] INFO  testCases.TC001_AccountRegistrationTest - *****Clicked on Register Link*****
13:25:34.974 [main] INFO  testCases.TC001_AccountRegistrationTest - *****Providing Customer Details*****
13:25:39.075 [main] INFO  testCases.TC001_AccountRegistrationTest - *****Validating expected message*****
13:25:40.678 [main] DEBUG testCases.TC001_AccountRegistrationTest - Debug logs..
13:25:40.679 [main] INFO  testCases.TC001_AccountRegistrationTest - *****Finished TC01_AccountRegistrationTest*****
13:48:57.703 [main] INFO  testCases.TC001_AccountRegistrationTest - *****Starting TC01_AccountRegistrationTest*****
13:48:58.186 [main] INFO  testCases.TC001_AccountRegistrationTest - *****Clicked on MyAccount Link*****
13:48:59.843 [main] INFO  testCases.TC001_AccountRegistrationTest - *****Clicked on Register Link*****
13:48:59.857 [main] INFO  testCases.TC001_AccountRegistrationTest - *****Providing Customer Details*****
13:49:05.076 [main] INFO  testCases.TC001_AccountRegistrationTest - *****Validating expected message*****
13:49:07.126 [main] DEBUG testCases.TC001_AccountRegistrationTest - Debug logs..
13:49:07.126 [main] INFO  testCases.TC001_AccountRegistrationTest - *****Finished TC01_AccountRegistrationTest*****
13:52:57.615 [main] INFO  testCases.TC001_AccountRegistrationTest - *****Starting TC01_AccountRegistrationTest*****
13:52:58.555 [main] INFO  testCases.TC001_AccountRegistrationTest - *****Clicked on MyAccount Link*****
13:53:00.687 [main] INFO  testCases.TC001_AccountRegistrationTest - *****Clicked on Register Link*****
13:53:00.716 [main] INFO  testCases.TC001_AccountRegistrationTest - *****Providing Customer Details*****
13:53:06.181 [main] INFO  testCases.TC001_AccountRegistrationTest - *****Validating expected message*****
13:53:07.871 [main] DEBUG testCases.TC001_AccountRegistrationTest - Debug logs..
13:53:07.871 [main] INFO  testCases.TC001_AccountRegistrationTest - *****Finished TC01_AccountRegistrationTest*****
13:53:18.841 [main] INFO  testCases.TC001_AccountRegistrationTest - *****Starting TC01_AccountRegistrationTest*****
13:53:19.446 [main] INFO  testCases.TC001_AccountRegistrationTest - *****Clicked on MyAccount Link*****
13:53:21.261 [main] INFO  testCases.TC001_AccountRegistrationTest - *****Clicked on Register Link*****
13:53:21.289 [main] INFO  testCases.TC001_AccountRegistrationTest - *****Providing Customer Details*****
13:53:26.202 [main] INFO  testCases.TC001_AccountRegistrationTest - *****Validating expected message*****
13:53:28.144 [main] DEBUG testCases.TC001_AccountRegistrationTest - Debug logs..
13:53:28.146 [main] INFO  testCases.TC001_AccountRegistrationTest - *****Finished TC01_AccountRegistrationTest*****
14:01:56.758 [TestNG-tests-2] INFO  testCases.TC001_AccountRegistrationTest - *****Starting TC01_AccountRegistrationTest*****
14:02:19.818 [TestNG-tests-1] INFO  testCases.TC001_AccountRegistrationTest - *****Starting TC01_AccountRegistrationTest*****
14:02:27.948 [TestNG-tests-2] INFO  testCases.TC001_AccountRegistrationTest - *****Clicked on MyAccount Link*****
14:02:28.622 [TestNG-tests-3] INFO  testCases.TC001_AccountRegistrationTest - *****Starting TC01_AccountRegistrationTest*****
14:02:30.519 [TestNG-tests-3] INFO  testCases.TC001_AccountRegistrationTest - *****Clicked on MyAccount Link*****
14:02:33.631 [TestNG-tests-2] INFO  testCases.TC001_AccountRegistrationTest - *****Clicked on Register Link*****
14:02:33.638 [TestNG-tests-2] INFO  testCases.TC001_AccountRegistrationTest - *****Providing Customer Details*****
14:02:33.844 [TestNG-tests-3] INFO  testCases.TC001_AccountRegistrationTest - *****Clicked on Register Link*****
14:02:33.847 [TestNG-tests-3] INFO  testCases.TC001_AccountRegistrationTest - *****Providing Customer Details*****
14:02:40.059 [TestNG-tests-3] INFO  testCases.TC001_AccountRegistrationTest - *****Validating expected message*****
14:02:40.350 [TestNG-tests-1] INFO  testCases.TC001_AccountRegistrationTest - *****Clicked on MyAccount Link*****
14:02:41.966 [TestNG-tests-3] DEBUG testCases.TC001_AccountRegistrationTest - Debug logs..
